# JRE version: OpenJDK Runtime Environment (8.0_202-b03) (build 1.8.0_202-release-1483-b03)
# Java VM: OpenJDK 64-Bit Server VM (25.202-b03 mixed mode windows-amd64 compressed oops)
Heap:
 PSYoungGen      total 201728K, used 90175K [0x00000000e0000000, 0x00000000f0580000, 0x0000000100000000)
  eden space 180224K, 50% used [0x00000000e0000000,0x00000000e580fc00,0x00000000eb000000)
  from space 21504K, 0% used [0x00000000eb000000,0x00000000eb000000,0x00000000ec500000)
  to   space 22528K, 0% used [0x00000000eef80000,0x00000000eef80000,0x00000000f0580000)
 ParOldGen       total 270848K, used 31869K [0x00000000a0000000, 0x00000000b0880000, 0x00000000e0000000)
  object space 270848K, 11% used [0x00000000a0000000,0x00000000a1f1f6c0,0x00000000b0880000)
 Metaspace       used 60364K, capacity 62376K, committed 62504K, reserved 1103872K
  class space    used 8252K, capacity 8722K, committed 8744K, reserved 1048576K
GC Heap History (10 events):
Event: 3.586 GC heap before
{Heap before GC invocations=8 (full 2):
 PSYoungGen      total 151552K, used 9375K [0x00000000e0000000, 0x00000000edc00000, 0x0000000100000000)
  eden space 138240K, 0% used [0x00000000e0000000,0x00000000e0000000,0x00000000e8700000)
  from space 13312K, 70% used [0x00000000e9380000,0x00000000e9ca7fc0,0x00000000ea080000)
  to   space 12800K, 0% used [0x00000000e8700000,0x00000000e8700000,0x00000000e9380000)
 ParOldGen       total 114688K, used 11297K [0x00000000a0000000, 0x00000000a7000000, 0x00000000e0000000)
  object space 114688K, 9% used [0x00000000a0000000,0x00000000a0b08448,0x00000000a7000000)
 Metaspace       used 34726K, capacity 35446K, committed 35496K, reserved 1079296K
  class space    used 4786K, capacity 4998K, committed 5032K, reserved 1048576K
Event: 3.659 GC heap after
Heap after GC invocations=8 (full 2):
 PSYoungGen      total 151552K, used 0K [0x00000000e0000000, 0x00000000edc00000, 0x0000000100000000)
  eden space 138240K, 0% used [0x00000000e0000000,0x00000000e0000000,0x00000000e8700000)
  from space 13312K, 0% used [0x00000000e9380000,0x00000000e9380000,0x00000000ea080000)
  to   space 12800K, 0% used [0x00000000e8700000,0x00000000e8700000,0x00000000e9380000)
 ParOldGen       total 185856K, used 16345K [0x00000000a0000000, 0x00000000ab580000, 0x00000000e0000000)
  object space 185856K, 8% used [0x00000000a0000000,0x00000000a0ff6740,0x00000000ab580000)
 Metaspace       used 34712K, capacity 35398K, committed 35496K, reserved 1079296K
  class space    used 4781K, capacity 4990K, committed 5032K, reserved 1048576K
}
Event: 4.890 GC heap before
{Heap before GC invocations=9 (full 2):
 PSYoungGen      total 151552K, used 138240K [0x00000000e0000000, 0x00000000edc00000, 0x0000000100000000)
  eden space 138240K, 100% used [0x00000000e0000000,0x00000000e8700000,0x00000000e8700000)
  from space 13312K, 0% used [0x00000000e9380000,0x00000000e9380000,0x00000000ea080000)
  to   space 12800K, 0% used [0x00000000e8700000,0x00000000e8700000,0x00000000e9380000)
 ParOldGen       total 185856K, used 16345K [0x00000000a0000000, 0x00000000ab580000, 0x00000000e0000000)
  object space 185856K, 8% used [0x00000000a0000000,0x00000000a0ff6740,0x00000000ab580000)
 Metaspace       used 47171K, capacity 48320K, committed 48424K, reserved 1091584K
  class space    used 6366K, capacity 6675K, committed 6696K, reserved 1048576K
Event: 4.906 GC heap after
Heap after GC invocations=9 (full 2):
 PSYoungGen      total 151040K, used 12790K [0x00000000e0000000, 0x00000000ed500000, 0x0000000100000000)
  eden space 138240K, 0% used [0x00000000e0000000,0x00000000e0000000,0x00000000e8700000)
  from space 12800K, 99% used [0x00000000e8700000,0x00000000e937da20,0x00000000e9380000)
  to   space 16384K, 0% used [0x00000000ec500000,0x00000000ec500000,0x00000000ed500000)
 ParOldGen       total 185856K, used 20634K [0x00000000a0000000, 0x00000000ab580000, 0x00000000e0000000)
  object space 185856K, 11% used [0x00000000a0000000,0x00000000a1426898,0x00000000ab580000)
 Metaspace       used 47171K, capacity 48320K, committed 48424K, reserved 1091584K
  class space    used 6366K, capacity 6675K, committed 6696K, reserved 1048576K
}
Event: 7.609 GC heap before
{Heap before GC invocations=10 (full 2):
 PSYoungGen      total 151040K, used 151030K [0x00000000e0000000, 0x00000000ed500000, 0x0000000100000000)
  eden space 138240K, 100% used [0x00000000e0000000,0x00000000e8700000,0x00000000e8700000)
  from space 12800K, 99% used [0x00000000e8700000,0x00000000e937da20,0x00000000e9380000)
  to   space 16384K, 0% used [0x00000000ec500000,0x00000000ec500000,0x00000000ed500000)
 ParOldGen       total 185856K, used 20634K [0x00000000a0000000, 0x00000000ab580000, 0x00000000e0000000)
  object space 185856K, 11% used [0x00000000a0000000,0x00000000a1426898,0x00000000ab580000)
 Metaspace       used 56950K, capacity 58426K, committed 58664K, reserved 1099776K
  class space    used 7781K, capacity 8171K, committed 8232K, reserved 1048576K
Event: 7.628 GC heap after
Heap after GC invocations=10 (full 2):
 PSYoungGen      total 196608K, used 16365K [0x00000000e0000000, 0x00000000edb00000, 0x0000000100000000)
  eden space 180224K, 0% used [0x00000000e0000000,0x00000000e0000000,0x00000000eb000000)
  from space 16384K, 99% used [0x00000000ec500000,0x00000000ed4fb7b0,0x00000000ed500000)
  to   space 21504K, 0% used [0x00000000eb000000,0x00000000eb000000,0x00000000ec500000)
 ParOldGen       total 185856K, used 28040K [0x00000000a0000000, 0x00000000ab580000, 0x00000000e0000000)
  object space 185856K, 15% used [0x00000000a0000000,0x00000000a1b62260,0x00000000ab580000)
 Metaspace       used 56950K, capacity 58426K, committed 58664K, reserved 1099776K
  class space    used 7781K, capacity 8171K, committed 8232K, reserved 1048576K
}
Event: 7.891 GC heap before
{Heap before GC invocations=11 (full 2):
 PSYoungGen      total 196608K, used 26867K [0x00000000e0000000, 0x00000000edb00000, 0x0000000100000000)
  eden space 180224K, 5% used [0x00000000e0000000,0x00000000e0a416e8,0x00000000eb000000)
  from space 16384K, 99% used [0x00000000ec500000,0x00000000ed4fb7b0,0x00000000ed500000)
  to   space 21504K, 0% used [0x00000000eb000000,0x00000000eb000000,0x00000000ec500000)
 ParOldGen       total 185856K, used 28040K [0x00000000a0000000, 0x00000000ab580000, 0x00000000e0000000)
  object space 185856K, 15% used [0x00000000a0000000,0x00000000a1b62260,0x00000000ab580000)
 Metaspace       used 57385K, capacity 58980K, committed 59160K, reserved 1099776K
  class space    used 7829K, capacity 8240K, committed 8360K, reserved 1048576K
Event: 7.902 GC heap after
Heap after GC invocations=11 (full 2):
 PSYoungGen      total 201728K, used 16773K [0x00000000e0000000, 0x00000000f0580000, 0x0000000100000000)
  eden space 180224K, 0% used [0x00000000e0000000,0x00000000e0000000,0x00000000eb000000)
  from space 21504K, 78% used [0x00000000eb000000,0x00000000ec0617c0,0x00000000ec500000)
  to   space 22528K, 0% used [0x00000000eef80000,0x00000000eef80000,0x00000000f0580000)
 ParOldGen       total 185856K, used 28048K [0x00000000a0000000, 0x00000000ab580000, 0x00000000e0000000)
  object space 185856K, 15% used [0x00000000a0000000,0x00000000a1b64260,0x00000000ab580000)
 Metaspace       used 57385K, capacity 58980K, committed 59160K, reserved 1099776K
  class space    used 7829K, capacity 8240K, committed 8360K, reserved 1048576K
}
Event: 7.902 GC heap before
{Heap before GC invocations=12 (full 3):
 PSYoungGen      total 201728K, used 16773K [0x00000000e0000000, 0x00000000f0580000, 0x0000000100000000)
  eden space 180224K, 0% used [0x00000000e0000000,0x00000000e0000000,0x00000000eb000000)
  from space 21504K, 78% used [0x00000000eb000000,0x00000000ec0617c0,0x00000000ec500000)
  to   space 22528K, 0% used [0x00000000eef80000,0x00000000eef80000,0x00000000f0580000)
 ParOldGen       total 185856K, used 28048K [0x00000000a0000000, 0x00000000ab580000, 0x00000000e0000000)
  object space 185856K, 15% used [0x00000000a0000000,0x00000000a1b64260,0x00000000ab580000)
 Metaspace       used 57385K, capacity 58980K, committed 59160K, reserved 1099776K
  class space    used 7829K, capacity 8240K, committed 8360K, reserved 1048576K
Event: 8.098 GC heap after
Heap after GC invocations=12 (full 3):
 PSYoungGen      total 201728K, used 0K [0x00000000e0000000, 0x00000000f0580000, 0x0000000100000000)
  eden space 180224K, 0% used [0x00000000e0000000,0x00000000e0000000,0x00000000eb000000)
  from space 21504K, 0% used [0x00000000eb000000,0x00000000eb000000,0x00000000ec500000)
  to   space 22528K, 0% used [0x00000000eef80000,0x00000000eef80000,0x00000000f0580000)
 ParOldGen       total 270848K, used 31869K [0x00000000a0000000, 0x00000000b0880000, 0x00000000e0000000)
  object space 270848K, 11% used [0x00000000a0000000,0x00000000a1f1f6c0,0x00000000b0880000)
 Metaspace       used 57385K, capacity 58980K, committed 59160K, reserved 1099776K
  class space    used 7829K, capacity 8240K, committed 8360K, reserved 1048576K
}

