# JRE version: OpenJDK Runtime Environment (8.0_202-b03) (build 1.8.0_202-release-1483-b03)
# Java VM: OpenJDK 64-Bit Server VM (25.202-b03 mixed mode windows-amd64 compressed oops)
Heap:
 PSYoungGen      total 161280K, used 29599K [0x00000000e0000000, 0x00000000ef080000, 0x0000000100000000)
  eden space 147968K, 11% used [0x00000000e0000000,0x00000000e0fed690,0x00000000e9080000)
  from space 13312K, 99% used [0x00000000e9080000,0x00000000e9d7a628,0x00000000e9d80000)
  to   space 17408K, 0% used [0x00000000edf80000,0x00000000edf80000,0x00000000ef080000)
 ParOldGen       total 172544K, used 22237K [0x00000000a0000000, 0x00000000aa880000, 0x00000000e0000000)
  object space 172544K, 12% used [0x00000000a0000000,0x00000000a15b7660,0x00000000aa880000)
 Metaspace       used 49039K, capacity 50284K, committed 50520K, reserved 1093632K
  class space    used 6620K, capacity 6953K, committed 7040K, reserved 1048576K
GC Heap History (10 events):
Event: 2.348 GC heap before
{Heap before GC invocations=5 (full 1):
 PSYoungGen      total 76288K, used 65536K [0x00000000e0000000, 0x00000000e9500000, 0x0000000100000000)
  eden space 65536K, 100% used [0x00000000e0000000,0x00000000e4000000,0x00000000e4000000)
  from space 10752K, 0% used [0x00000000e4000000,0x00000000e4000000,0x00000000e4a80000)
  to   space 10752K, 0% used [0x00000000e8a80000,0x00000000e8a80000,0x00000000e9500000)
 ParOldGen       total 112128K, used 11096K [0x00000000a0000000, 0x00000000a6d80000, 0x00000000e0000000)
  object space 112128K, 9% used [0x00000000a0000000,0x00000000a0ad6388,0x00000000a6d80000)
 Metaspace       used 28524K, capacity 28916K, committed 29184K, reserved 1075200K
  class space    used 3853K, capacity 4011K, committed 4096K, reserved 1048576K
Event: 2.354 GC heap after
Heap after GC invocations=5 (full 1):
 PSYoungGen      total 104960K, used 7604K [0x00000000e0000000, 0x00000000e9200000, 0x0000000100000000)
  eden space 97280K, 0% used [0x00000000e0000000,0x00000000e0000000,0x00000000e5f00000)
  from space 7680K, 99% used [0x00000000e8a80000,0x00000000e91ed200,0x00000000e9200000)
  to   space 10752K, 0% used [0x00000000e7d00000,0x00000000e7d00000,0x00000000e8780000)
 ParOldGen       total 112128K, used 11104K [0x00000000a0000000, 0x00000000a6d80000, 0x00000000e0000000)
  object space 112128K, 9% used [0x00000000a0000000,0x00000000a0ad8388,0x00000000a6d80000)
 Metaspace       used 28524K, capacity 28916K, committed 29184K, reserved 1075200K
  class space    used 3853K, capacity 4011K, committed 4096K, reserved 1048576K
}
Event: 2.915 GC heap before
{Heap before GC invocations=6 (full 1):
 PSYoungGen      total 104960K, used 104884K [0x00000000e0000000, 0x00000000e9200000, 0x0000000100000000)
  eden space 97280K, 100% used [0x00000000e0000000,0x00000000e5f00000,0x00000000e5f00000)
  from space 7680K, 99% used [0x00000000e8a80000,0x00000000e91ed200,0x00000000e9200000)
  to   space 10752K, 0% used [0x00000000e7d00000,0x00000000e7d00000,0x00000000e8780000)
 ParOldGen       total 112128K, used 11104K [0x00000000a0000000, 0x00000000a6d80000, 0x00000000e0000000)
  object space 112128K, 9% used [0x00000000a0000000,0x00000000a0ad83a8,0x00000000a6d80000)
 Metaspace       used 33604K, capacity 34182K, committed 34560K, reserved 1079296K
  class space    used 4630K, capacity 4826K, committed 4864K, reserved 1048576K
Event: 2.925 GC heap after
Heap after GC invocations=6 (full 1):
 PSYoungGen      total 138752K, used 10732K [0x00000000e0000000, 0x00000000eab00000, 0x0000000100000000)
  eden space 128000K, 0% used [0x00000000e0000000,0x00000000e0000000,0x00000000e7d00000)
  from space 10752K, 99% used [0x00000000e7d00000,0x00000000e877b040,0x00000000e8780000)
  to   space 13824K, 0% used [0x00000000e9d80000,0x00000000e9d80000,0x00000000eab00000)
 ParOldGen       total 112128K, used 11528K [0x00000000a0000000, 0x00000000a6d80000, 0x00000000e0000000)
  object space 112128K, 10% used [0x00000000a0000000,0x00000000a0b42118,0x00000000a6d80000)
 Metaspace       used 33604K, capacity 34182K, committed 34560K, reserved 1079296K
  class space    used 4630K, capacity 4826K, committed 4864K, reserved 1048576K
}
Event: 3.134 GC heap before
{Heap before GC invocations=7 (full 1):
 PSYoungGen      total 138752K, used 34383K [0x00000000e0000000, 0x00000000eab00000, 0x0000000100000000)
  eden space 128000K, 18% used [0x00000000e0000000,0x00000000e1718d30,0x00000000e7d00000)
  from space 10752K, 99% used [0x00000000e7d00000,0x00000000e877b040,0x00000000e8780000)
  to   space 13824K, 0% used [0x00000000e9d80000,0x00000000e9d80000,0x00000000eab00000)
 ParOldGen       total 112128K, used 11528K [0x00000000a0000000, 0x00000000a6d80000, 0x00000000e0000000)
  object space 112128K, 10% used [0x00000000a0000000,0x00000000a0b42118,0x00000000a6d80000)
 Metaspace       used 34623K, capacity 35238K, committed 35416K, reserved 1079296K
  class space    used 4757K, capacity 4944K, committed 4992K, reserved 1048576K
Event: 3.143 GC heap after
Heap after GC invocations=7 (full 1):
 PSYoungGen      total 161792K, used 9666K [0x00000000e0000000, 0x00000000ee300000, 0x0000000100000000)
  eden space 147968K, 0% used [0x00000000e0000000,0x00000000e0000000,0x00000000e9080000)
  from space 13824K, 69% used [0x00000000e9d80000,0x00000000ea6f0818,0x00000000eab00000)
  to   space 13312K, 0% used [0x00000000e9080000,0x00000000e9080000,0x00000000e9d80000)
 ParOldGen       total 112128K, used 11536K [0x00000000a0000000, 0x00000000a6d80000, 0x00000000e0000000)
  object space 112128K, 10% used [0x00000000a0000000,0x00000000a0b44118,0x00000000a6d80000)
 Metaspace       used 34623K, capacity 35238K, committed 35416K, reserved 1079296K
  class space    used 4757K, capacity 4944K, committed 4992K, reserved 1048576K
}
Event: 3.143 GC heap before
{Heap before GC invocations=8 (full 2):
 PSYoungGen      total 161792K, used 9666K [0x00000000e0000000, 0x00000000ee300000, 0x0000000100000000)
  eden space 147968K, 0% used [0x00000000e0000000,0x00000000e0000000,0x00000000e9080000)
  from space 13824K, 69% used [0x00000000e9d80000,0x00000000ea6f0818,0x00000000eab00000)
  to   space 13312K, 0% used [0x00000000e9080000,0x00000000e9080000,0x00000000e9d80000)
 ParOldGen       total 112128K, used 11536K [0x00000000a0000000, 0x00000000a6d80000, 0x00000000e0000000)
  object space 112128K, 10% used [0x00000000a0000000,0x00000000a0b44118,0x00000000a6d80000)
 Metaspace       used 34623K, capacity 35238K, committed 35416K, reserved 1079296K
  class space    used 4757K, capacity 4944K, committed 4992K, reserved 1048576K
Event: 3.188 GC heap after
Heap after GC invocations=8 (full 2):
 PSYoungGen      total 161792K, used 0K [0x00000000e0000000, 0x00000000ee300000, 0x0000000100000000)
  eden space 147968K, 0% used [0x00000000e0000000,0x00000000e0000000,0x00000000e9080000)
  from space 13824K, 0% used [0x00000000e9d80000,0x00000000e9d80000,0x00000000eab00000)
  to   space 13312K, 0% used [0x00000000e9080000,0x00000000e9080000,0x00000000e9d80000)
 ParOldGen       total 172544K, used 17144K [0x00000000a0000000, 0x00000000aa880000, 0x00000000e0000000)
  object space 172544K, 9% used [0x00000000a0000000,0x00000000a10be3a8,0x00000000aa880000)
 Metaspace       used 34603K, capacity 35172K, committed 35416K, reserved 1079296K
  class space    used 4751K, capacity 4933K, committed 4992K, reserved 1048576K
}
Event: 4.280 GC heap before
{Heap before GC invocations=9 (full 2):
 PSYoungGen      total 161792K, used 147968K [0x00000000e0000000, 0x00000000ee300000, 0x0000000100000000)
  eden space 147968K, 100% used [0x00000000e0000000,0x00000000e9080000,0x00000000e9080000)
  from space 13824K, 0% used [0x00000000e9d80000,0x00000000e9d80000,0x00000000eab00000)
  to   space 13312K, 0% used [0x00000000e9080000,0x00000000e9080000,0x00000000e9d80000)
 ParOldGen       total 172544K, used 17152K [0x00000000a0000000, 0x00000000aa880000, 0x00000000e0000000)
  object space 172544K, 9% used [0x00000000a0000000,0x00000000a10c01e0,0x00000000aa880000)
 Metaspace       used 47970K, capacity 49164K, committed 49368K, reserved 1091584K
  class space    used 6476K, capacity 6793K, committed 6912K, reserved 1048576K
Event: 4.293 GC heap after
Heap after GC invocations=9 (full 2):
 PSYoungGen      total 161280K, used 13289K [0x00000000e0000000, 0x00000000ef080000, 0x0000000100000000)
  eden space 147968K, 0% used [0x00000000e0000000,0x00000000e0000000,0x00000000e9080000)
  from space 13312K, 99% used [0x00000000e9080000,0x00000000e9d7a628,0x00000000e9d80000)
  to   space 17408K, 0% used [0x00000000edf80000,0x00000000edf80000,0x00000000ef080000)
 ParOldGen       total 172544K, used 22237K [0x00000000a0000000, 0x00000000aa880000, 0x00000000e0000000)
  object space 172544K, 12% used [0x00000000a0000000,0x00000000a15b7660,0x00000000aa880000)
 Metaspace       used 47970K, capacity 49164K, committed 49368K, reserved 1091584K
  class space    used 6476K, capacity 6793K, committed 6912K, reserved 1048576K
}

